<?xml version="1.0" encoding="UTF-8"?>
<!-- Generated by org.testng.reporters.JUnitReportReporter -->
<testsuite hostname="LAPTOP-UKU0FOUE" failures="0" tests="1" name="com.lambdatest.Test2" time="41.511" errors="0" timestamp="2025-01-29T22:42:03 IST" skipped="0">
  <testcase classname="com.lambdatest.Test2" name="basicTest" time="41.511"/>
  <system-out/>
</testsuite> <!-- com.lambdatest.Test2 -->
