<?xml version="1.0" encoding="UTF-8"?>
<!-- Generated by org.testng.reporters.JUnitReportReporter -->
<testsuite hostname="LAPTOP-UKU0FOUE" failures="0" tests="1" name="com.lambdatest.TestNGTodo2" time="18.257" errors="0" timestamp="2025-01-29T19:01:34 IST" skipped="0">
  <testcase classname="com.lambdatest.TestNGTodo2" name="basicTest" time="18.257"/>
  <system-out/>
</testsuite> <!-- com.lambdatest.TestNGTodo2 -->
