<?xml version="1.0" encoding="UTF-8"?>
<!-- Generated by org.testng.reporters.JUnitReportReporter -->
<testsuite hostname="LAPTOP-UKU0FOUE" failures="0" tests="1" name="com.lambdatest.TestNGTodo1" time="24.399" errors="0" timestamp="2025-01-29T18:45:51 IST" skipped="0">
  <testcase classname="com.lambdatest.TestNGTodo1" name="basicTest" time="24.399"/>
  <system-out/>
</testsuite> <!-- com.lambdatest.TestNGTodo1 -->
