<?xml version="1.0" encoding="UTF-8"?>
<!-- Generated by org.testng.reporters.JUnitReportReporter -->
<testsuite hostname="LAPTOP-UKU0FOUE" failures="0" tests="1" name="com.lambdatestNG.TestNG003" time="0.000" errors="0" timestamp="2025-01-31T17:37:40 IST" skipped="1">
  <testcase classname="com.lambdatestNG.TestNG003" name="basicTest" time="0.000">
    <skipped/>
  </testcase> <!-- basicTest -->
  <system-out/>
</testsuite> <!-- com.lambdatestNG.TestNG003 -->
