<?xml version="1.0" encoding="UTF-8"?>
<!-- Generated by org.testng.reporters.JUnitReportReporter -->
<testsuite hostname="LAPTOP-UKU0FOUE" failures="0" tests="1" name="com.lambdatest.TestNGTodo3" time="44.189" errors="0" timestamp="2025-01-29T18:45:51 IST" skipped="0">
  <testcase classname="com.lambdatest.TestNGTodo3" name="basicTest" time="44.189"/>
  <system-out/>
</testsuite> <!-- com.lambdatest.TestNGTodo3 -->
