<?xml version="1.0" encoding="UTF-8"?>
<!-- Generated by org.testng.reporters.JUnitReportReporter -->
<testsuite hostname="LAPTOP-UKU0FOUE" failures="0" tests="1" name="com.lambdatest.Test1" time="42.488" errors="0" timestamp="2025-01-29T22:42:03 IST" skipped="0">
  <testcase classname="com.lambdatest.Test1" name="basicTest" time="42.488"/>
  <system-out/>
</testsuite> <!-- com.lambdatest.Test1 -->
